<?xml version="1.0" encoding="UTF-8"?>
<!-- Generated by org.testng.reporters.JUnitReportReporter -->
<testsuite hostname="KATSARINs-MacBook-Air.local" failures="0" tests="3" name="test.CRW013_SignInPageFunctionality1" time="6.556" errors="0" timestamp="2022-04-06T00:15:25 EDT" skipped="2">
  <testcase classname="test.CRW013_SignInPageFunctionality1" name="CRW013_Test3" time="6.556"/>
  <system-out/>
  <testcase classname="test.CRW013_SignInPageFunctionality1" name="CRW013_Test2">
    <skipped/>
  </testcase> <!-- CRW013_Test2 -->
  <system-out/>
  <testcase classname="test.CRW013_SignInPageFunctionality1" name="CRW013_Test1">
    <skipped/>
  </testcase> <!-- CRW013_Test1 -->
  <system-out/>
</testsuite> <!-- test.CRW013_SignInPageFunctionality1 -->
